<?xml version="1.0" encoding="UTF-8"?>
<testsuite xmlns:xsi="http://www.w3.org/2001/XMLSchema-instance" xsi:noNamespaceSchemaLocation="https://maven.apache.org/surefire/maven-surefire-plugin/xsd/surefire-test-report-3.0.xsd" version="3.0" name="ua.edu.dnu.fpm.calc.main.AppTest" time="0.092" tests="4" errors="0" skipped="0" failures="0">
  <properties>
[...]
</properties>
  <testcase name="shouldRunApplicationWithoutErrors" classname="ua.edu.dnu.fpm.calc.main.AppTest" time="0.068">
    <system-out><![CDATA[Received arguments:
Arg 0: '10'
Arg 1: '5'
Arg 2: '+'
number1=10 number2=5 operator=+ result=15
Total args: 3, Number args: 2, Max number: 10
]]></system-out>
  </testcase>
  <testcase name="shouldHandleInvalidOperator" classname="ua.edu.dnu.fpm.calc.main.AppTest" time="0.001">
    <system-out><![CDATA[Received arguments:
Arg 0: '10'
Arg 1: '5'
Arg 2: 'invalidOperator'
Invalid operator: 'invalidOperator'
]]></system-out>
  </testcase>
  <testcase name="shouldHandleInsufficientArguments" classname="ua.edu.dnu.fpm.calc.main.AppTest" time="0.001">
    <system-out><![CDATA[Received arguments:
Arg 0: '10'
Please provide at least three arguments: number1 number2 operator
]]></system-out>
  </testcase>
  <testcase name="shouldHandleDivisionByZero" classname="ua.edu.dnu.fpm.calc.main.AppTest" time="0.001">
    <system-out><![CDATA[Received arguments:
Arg 0: '10'
Arg 1: '0'
Arg 2: '/'
Error: Cannot divide by zero
]]></system-out>
  </testcase>
</testsuite>